6/27/2025 3:37:13 PM	This log contains information about the import schema operation into project 'Glasgow.Database' on computer 'CLERIC-DSKTP' by user 'zache'.
6/27/2025 3:37:14 PM	Import of database schema has started.
6/27/2025 3:37:19 PM	Gathering database credentials
6/27/2025 3:37:19 PM	Gathering database options
6/27/2025 3:37:19 PM	Gathering generic database scoped configuration option
6/27/2025 3:37:19 PM	Gathering users
6/27/2025 3:37:19 PM	Gathering roles
6/27/2025 3:37:19 PM	Gathering application roles
6/27/2025 3:37:19 PM	Gathering role memberships
6/27/2025 3:37:19 PM	Gathering filegroups
6/27/2025 3:37:19 PM	Gathering full-text catalogs
6/27/2025 3:37:19 PM	Gathering assemblies
6/27/2025 3:37:19 PM	Gathering certificates
6/27/2025 3:37:19 PM	Gathering asymmetric keys
6/27/2025 3:37:19 PM	Gathering symmetric keys
6/27/2025 3:37:19 PM	Gathering encrypted symmetric keys
6/27/2025 3:37:19 PM	Gathering schemas
6/27/2025 3:37:19 PM	Gathering XML schema collections
6/27/2025 3:37:19 PM	Gathering user-defined data types
6/27/2025 3:37:19 PM	Gathering user-defined types
6/27/2025 3:37:19 PM	Gathering table types
6/27/2025 3:37:20 PM	Gathering unique keys for table types
6/27/2025 3:37:20 PM	Gathering primary keys for table types
6/27/2025 3:37:20 PM	Gathering indexes for table types
6/27/2025 3:37:20 PM	Gathering check constraints for table types
6/27/2025 3:37:20 PM	Gathering default constraints for table types
6/27/2025 3:37:20 PM	Gathering partition functions
6/27/2025 3:37:20 PM	Gathering partition schemes
6/27/2025 3:37:20 PM	Gathering functions
6/27/2025 3:37:20 PM	Gathering encrypted functions
6/27/2025 3:37:20 PM	Gathering aggregates
6/27/2025 3:37:20 PM	Gathering procedures
6/27/2025 3:37:20 PM	Gathering encrypted procedures
6/27/2025 3:37:20 PM	Gathering tables
6/27/2025 3:37:20 PM	Gathering primary keys
6/27/2025 3:37:20 PM	Gathering unique constraints
6/27/2025 3:37:20 PM	Gathering foreign keys
6/27/2025 3:37:20 PM	Gathering default constraints
6/27/2025 3:37:20 PM	Gathering check constraints
6/27/2025 3:37:20 PM	Gathering views
6/27/2025 3:37:20 PM	Gathering encrypted views
6/27/2025 3:37:20 PM	Gathering indexes
6/27/2025 3:37:20 PM	Gathering statistics
6/27/2025 3:37:20 PM	Gathering full-text index stoplists
6/27/2025 3:37:20 PM	Gathering search property lists
6/27/2025 3:37:20 PM	Gathering search properties
6/27/2025 3:37:20 PM	Gathering full-text indexes
6/27/2025 3:37:20 PM	Gathering column store indexes
6/27/2025 3:37:20 PM	Gathering spatial indexes
6/27/2025 3:37:20 PM	Gathering XML indexes
6/27/2025 3:37:20 PM	Gathering Selective XML indexes
6/27/2025 3:37:20 PM	Gathering encrypted triggers
6/27/2025 3:37:20 PM	Gathering triggers
6/27/2025 3:37:20 PM	Gathering encrypted and clr ddl triggers
6/27/2025 3:37:20 PM	Gathering ddl triggers
6/27/2025 3:37:20 PM	Creating edge constraints
6/27/2025 3:37:20 PM	Gathering synonyms
6/27/2025 3:37:20 PM	Gathering defaults
6/27/2025 3:37:20 PM	Gathering data constraint uddt bindings
6/27/2025 3:37:20 PM	Gathering rules
6/27/2025 3:37:20 PM	Gathering data constraint uddt bindings
6/27/2025 3:37:20 PM	Gathering message types
6/27/2025 3:37:20 PM	Gathering queues
6/27/2025 3:37:20 PM	Gathering contracts
6/27/2025 3:37:20 PM	Gathering services
6/27/2025 3:37:20 PM	Gathering event notifications
6/27/2025 3:37:20 PM	Gathering remote service bindings
6/27/2025 3:37:20 PM	Gathering broker priorities
6/27/2025 3:37:20 PM	Gathering signatures
6/27/2025 3:37:20 PM	Gathering compression options
6/27/2025 3:37:20 PM	Gathering sequence types
6/27/2025 3:37:20 PM	Gathering security policies
6/27/2025 3:37:20 PM	Gather column encryption keys
6/27/2025 3:37:20 PM	Gathering column master keys
6/27/2025 3:37:20 PM	Gathering external data sources
6/27/2025 3:37:20 PM	Gathering external file formats
6/27/2025 3:37:20 PM	Gathering external tables
6/27/2025 3:37:20 PM	Gathering XML index compression options
6/27/2025 3:37:20 PM	Gathering database permissions
6/27/2025 3:37:20 PM	Gathering extended properties
6/27/2025 3:37:20 PM	Gathering assemblies
6/27/2025 3:37:20 PM	Gathering credentials
6/27/2025 3:37:20 PM	Gathering logins
6/27/2025 3:37:20 PM	Gathering server audits
6/27/2025 3:37:21 PM	Scanning project for duplicate elements
6/27/2025 3:37:22 PM	Finished duplicate element processing
6/27/2025 3:37:23 PM	Finished importing database.
6/27/2025 3:37:23 PM	A summary of the import was saved to the following location: D:\Dev\Glasgow\Glasgow.Database\Import Schema Logs\Glasgow.Database_20250627083713.log
6/27/2025 3:37:23 PM	Click Finish to continue...
